This file contains any messages produced by compilers while
running configure, to aid debugging if configure makes a mistake.

It was created by rjungleR configure 0.8.6, which was
generated by GNU Autoconf 2.64.  Invocation command line was

  $ ./configure 

## --------- ##
## Platform. ##
## --------- ##

hostname = hal
uname -m = i686
uname -r = 2.6.31-20-generic-pae
uname -s = Linux
uname -v = #58-Ubuntu SMP Fri Mar 12 06:25:51 UTC 2010

/usr/bin/uname -p = unknown
/bin/uname -X     = unknown

/bin/arch              = unknown
/usr/bin/arch -k       = unknown
/usr/convex/getsysinfo = unknown
/usr/bin/hostinfo      = unknown
/bin/machine           = unknown
/usr/bin/oslevel       = unknown
/bin/universe          = unknown

PATH: /home/schwarz/local/bin
PATH: /home/schwarz/bin
PATH: /home/schwarz/script
PATH: .
PATH: /include
PATH: /usr/local/sbin
PATH: /usr/local/bin
PATH: /usr/sbin
PATH: /usr/bin
PATH: /sbin
PATH: /bin
PATH: /usr/games


## ----------- ##
## Core tests. ##
## ----------- ##

configure:1649: checking for rjungle
configure:1665: found /home/schwarz/local/bin/rjungle
configure:1677: result: yes
configure:1687: checking for rjunglesparse
configure:1703: found /home/schwarz/local/bin/rjunglesparse
configure:1715: result: yes
configure:1872: creating ./config.status

## ---------------------- ##
## Running config.status. ##
## ---------------------- ##

This file was extended by rjungleR config.status 0.8.6, which was
generated by GNU Autoconf 2.64.  Invocation command line was

  CONFIG_FILES    = 
  CONFIG_HEADERS  = 
  CONFIG_LINKS    = 
  CONFIG_COMMANDS = 
  $ ./config.status 

on hal

config.status:714: creating R/init.R

## ---------------- ##
## Cache variables. ##
## ---------------- ##

ac_cv_env_build_alias_set=
ac_cv_env_build_alias_value=
ac_cv_env_host_alias_set=
ac_cv_env_host_alias_value=
ac_cv_env_target_alias_set=
ac_cv_env_target_alias_value=
ac_cv_prog_HAVE_RJUNGLE=yes
ac_cv_prog_HAVE_RJUNGLESPARSE=yes

## ----------------- ##
## Output variables. ##
## ----------------- ##

DEFS='-DPACKAGE_NAME=\"rjungleR\" -DPACKAGE_TARNAME=\"rjungler\" -DPACKAGE_VERSION=\"0.8.6\" -DPACKAGE_STRING=\"rjungleR\ 0.8.6\" -DPACKAGE_BUGREPORT=\"daniel@randomjungle.com\" -DPACKAGE_URL=\"\"'
ECHO_C=''
ECHO_N='-n'
ECHO_T=''
EXEEXT=''
HAVE_RJUNGLE='yes'
HAVE_RJUNGLESPARSE='yes'
LIBOBJS=''
LIBS=''
LTLIBOBJS=''
PACKAGE_BUGREPORT='daniel@randomjungle.com'
PACKAGE_NAME='rjungleR'
PACKAGE_STRING='rjungleR 0.8.6'
PACKAGE_TARNAME='rjungler'
PACKAGE_URL=''
PACKAGE_VERSION='0.8.6'
PATH_SEPARATOR=':'
SHELL='/bin/bash'
bindir='${exec_prefix}/bin'
build_alias=''
datadir='${datarootdir}'
datarootdir='${prefix}/share'
docdir='${datarootdir}/doc/${PACKAGE_TARNAME}'
dvidir='${docdir}'
exec_prefix='${prefix}'
host_alias=''
htmldir='${docdir}'
includedir='${prefix}/include'
infodir='${datarootdir}/info'
libdir='${exec_prefix}/lib'
libexecdir='${exec_prefix}/libexec'
localedir='${datarootdir}/locale'
localstatedir='${prefix}/var'
mandir='${datarootdir}/man'
oldincludedir='/usr/include'
pdfdir='${docdir}'
prefix='/usr/local'
program_transform_name='s,x,x,'
psdir='${docdir}'
sbindir='${exec_prefix}/sbin'
sharedstatedir='${prefix}/com'
sysconfdir='${prefix}/etc'
target_alias=''

## ----------- ##
## confdefs.h. ##
## ----------- ##

/* confdefs.h */
#define PACKAGE_NAME "rjungleR"
#define PACKAGE_TARNAME "rjungler"
#define PACKAGE_VERSION "0.8.6"
#define PACKAGE_STRING "rjungleR 0.8.6"
#define PACKAGE_BUGREPORT "daniel@randomjungle.com"
#define PACKAGE_URL ""

configure: exit 0
